<?xml version="1.0" encoding="UTF-8"?>
<testsuite name="h11.ExampleJUnitTest" tests="4" skipped="0" failures="0" errors="0" timestamp="2025-02-10T18:57:32" hostname="Kukuboshi" time="0.092">
  <properties/>
  <testcase name="testAlbum()" classname="h11.ExampleJUnitTest" time="0.038"/>
  <testcase name="testSong()" classname="h11.ExampleJUnitTest" time="0.003"/>
  <testcase name="testUser()" classname="h11.ExampleJUnitTest" time="0.023"/>
  <testcase name="testArtist()" classname="h11.ExampleJUnitTest" time="0.018"/>
  <system-out><![CDATA[]]></system-out>
  <system-err><![CDATA[]]></system-err>
</testsuite>
