<?xml version="1.0" encoding="UTF-8"?>
<testsuite name="h09.ExampleZooTest" tests="1" skipped="0" failures="0" errors="0" timestamp="2025-01-24T15:10:48" hostname="Kukuboshi" time="0.141">
  <properties/>
  <testcase name="runExampleZoo()" classname="h09.ExampleZooTest" time="0.141"/>
  <system-out><![CDATA[
Creating fish enclosure...
Get fish elevation...
Fishaaa: -1.25
Fishbb: -1.4285715
Fisch: -1.6666666

Let fish swim up...

Feed the fish...
FishaaaBlubBlubBlub ate...
FishbbBlubBlubBlub ate...
FischBlubBlubBlub ate...

Get fish mean elevation...
Mean elevation: -0.6686508

Creating penguin enclosure...

Migrating the Penguins to a WaterEnclosure...

Removing old penguins...
3 young penguin(s) left.

Sleep /age again
Pengc slept...
Pengb slept...
Penga slept...

Looking for hungry and old Penguins...
3 hungry penguins.
2 old penguins.

Feed old penguins and let them sleep...
Pengc ate...
Pengc slept...
Pengb ate...
Pengb slept...
]]></system-out>
  <system-err><![CDATA[]]></system-err>
</testsuite>
